c:\users\usuario\desktop\repoprogramacion\castel_poo_2024\l13784_tp3_v2\l31783_tp3\servidor\x64\debug\vc143.pdb
c:\users\usuario\desktop\repoprogramacion\castel_poo_2024\l13784_tp3_v2\l31783_tp3\servidor\x64\debug\vc143.idb
c:\users\usuario\desktop\repoprogramacion\castel_poo_2024\l13784_tp3_v2\l31783_tp3\servidor\x64\debug\hola_server.obj
c:\users\usuario\desktop\repoprogramacion\castel_poo_2024\l13784_tp3_v2\l31783_tp3\servidor\x64\debug\userstatistics.obj
c:\users\usuario\desktop\repoprogramacion\castel_poo_2024\l13784_tp3_v2\l31783_tp3\servidor\x64\debug\usermanager.obj
c:\users\usuario\desktop\repoprogramacion\castel_poo_2024\l13784_tp3_v2\l31783_tp3\servidor\x64\debug\userinterface.obj
c:\users\usuario\desktop\repoprogramacion\castel_poo_2024\l13784_tp3_v2\l31783_tp3\servidor\x64\debug\statistics.obj
c:\users\usuario\desktop\repoprogramacion\castel_poo_2024\l13784_tp3_v2\l31783_tp3\servidor\x64\debug\numbergenerator.obj
c:\users\usuario\desktop\repoprogramacion\castel_poo_2024\l13784_tp3_v2\l31783_tp3\servidor\x64\debug\main.obj
c:\users\usuario\desktop\repoprogramacion\castel_poo_2024\l13784_tp3_v2\l31783_tp3\x64\debug\servidor.exe
c:\users\usuario\desktop\repoprogramacion\castel_poo_2024\l13784_tp3_v2\l31783_tp3\x64\debug\servidor.pdb
c:\users\usuario\desktop\repoprogramacion\castel_poo_2024\l13784_tp3_v2\l31783_tp3\servidor\x64\debug\servidor.ilk
c:\users\usuario\desktop\repoprogramacion\castel_poo_2024\l13784_tp3_v2\l31783_tp3\servidor\x64\debug\servidor.tlog\cl.command.1.tlog
c:\users\usuario\desktop\repoprogramacion\castel_poo_2024\l13784_tp3_v2\l31783_tp3\servidor\x64\debug\servidor.tlog\cl.items.tlog
c:\users\usuario\desktop\repoprogramacion\castel_poo_2024\l13784_tp3_v2\l31783_tp3\servidor\x64\debug\servidor.tlog\cl.read.1.tlog
c:\users\usuario\desktop\repoprogramacion\castel_poo_2024\l13784_tp3_v2\l31783_tp3\servidor\x64\debug\servidor.tlog\cl.write.1.tlog
c:\users\usuario\desktop\repoprogramacion\castel_poo_2024\l13784_tp3_v2\l31783_tp3\servidor\x64\debug\servidor.tlog\link.command.1.tlog
c:\users\usuario\desktop\repoprogramacion\castel_poo_2024\l13784_tp3_v2\l31783_tp3\servidor\x64\debug\servidor.tlog\link.read.1.tlog
c:\users\usuario\desktop\repoprogramacion\castel_poo_2024\l13784_tp3_v2\l31783_tp3\servidor\x64\debug\servidor.tlog\link.secondary.1.tlog
c:\users\usuario\desktop\repoprogramacion\castel_poo_2024\l13784_tp3_v2\l31783_tp3\servidor\x64\debug\servidor.tlog\link.write.1.tlog
